Watching for file changes with StatReloader
[22/Jan/2026 13:01:32] "GET / HTTP/1.1" 302 0
[22/Jan/2026 13:02:58] "GET /login/ HTTP/1.1" 200 21529
[22/Jan/2026 13:02:59] "GET /static/img/fon-login.jpg HTTP/1.1" 200 3320570
[22/Jan/2026 13:03:03] "POST /login/ HTTP/1.1" 302 0
[22/Jan/2026 13:03:03] "GET /game/ HTTP/1.1" 200 256580
[22/Jan/2026 13:03:03] "GET /static/css/game_home.css HTTP/1.1" 200 938
[22/Jan/2026 13:03:03] "GET /static/css/top_panel.css HTTP/1.1" 200 1587
[22/Jan/2026 13:03:03] "GET /static/css/main_panel.css HTTP/1.1" 200 2962
[22/Jan/2026 13:03:03] "GET /static/css/location_panel.css HTTP/1.1" 200 6160
[22/Jan/2026 13:03:03] "GET /static/js/character_panel.js HTTP/1.1" 200 0
[22/Jan/2026 13:03:03] "GET /static/css/equipment_panel.css HTTP/1.1" 200 4092
[22/Jan/2026 13:03:03] "GET /static/css/inventory_panel.css HTTP/1.1" 200 11265
[22/Jan/2026 13:03:03] "GET /static/css/shop_panel.css HTTP/1.1" 200 9989
[22/Jan/2026 13:03:03] "GET /static/css/character_panel.css HTTP/1.1" 200 2010
[22/Jan/2026 13:03:03] "GET /static/img/zal.png HTTP/1.1" 200 182824
[22/Jan/2026 13:03:03] "GET /static/img/clan_logo.png HTTP/1.1" 404 1978
[22/Jan/2026 13:03:03] "GET /static/css/clan_panel.css HTTP/1.1" 200 4983
[22/Jan/2026 13:03:03] "GET /static/css/trade_panel.css HTTP/1.1" 200 7171
[22/Jan/2026 13:03:03] "GET /static/css/tavern_panel.css HTTP/1.1" 200 6268
[22/Jan/2026 13:03:03] "GET /static/img/alliance_emblem.png HTTP/1.1" 404 1996
[22/Jan/2026 13:03:03] "GET /static/css/bank_panel.css HTTP/1.1" 200 10678
[22/Jan/2026 13:03:03] "GET /static/css/arena_panel.css HTTP/1.1" 200 2632
[22/Jan/2026 13:03:03] "GET /static/img/main.png HTTP/1.1" 200 227867
[22/Jan/2026 13:03:03] "GET /static/img/back_fon.png HTTP/1.1" 200 29725
[22/Jan/2026 13:03:03] "GET /static/img/main3.png HTTP/1.1" 200 91716
[22/Jan/2026 13:03:03] "GET /static/img/kompas.png HTTP/1.1" 200 242114
[22/Jan/2026 13:03:03] "GET /static/img/banner.svg HTTP/1.1" 200 7172
[22/Jan/2026 13:03:03] "GET /static/img/top1.png HTTP/1.1" 200 66335
[22/Jan/2026 13:03:03] "GET /static/img/chat.png HTTP/1.1" 200 2491817
[22/Jan/2026 13:03:03] "GET /static/css/chat_panel.css HTTP/1.1" 200 8745
[22/Jan/2026 13:03:03] "GET /static/js/chat_panel.js HTTP/1.1" 200 18981
[22/Jan/2026 13:03:03] "GET /static/css/online_panel.css HTTP/1.1" 200 1161
[22/Jan/2026 13:03:03] "GET /static/img/chat3.png HTTP/1.1" 200 8894
[22/Jan/2026 13:03:03] "GET /static/img/locations/market.jpg HTTP/1.1" 200 55624
[22/Jan/2026 13:03:03] "GET /api/shop/items/ HTTP/1.1" 200 647
[22/Jan/2026 13:03:03] "GET /static/img/chat4.png HTTP/1.1" 200 204174
[22/Jan/2026 13:03:03,940] - Broken pipe from ('127.0.0.1', 52744)
